<?xml version="1.0" encoding="UTF-8"?>
<!-- Generated by org.testng.reporters.JUnitReportReporter -->
<testsuite hostname="LAPTOP-U30VOVNM" failures="0" tests="1" name="OpenKart.MainTest$LoginTest" time="2.957" errors="0" timestamp="2024-07-25T23:34:47 IST" skipped="0">
  <testcase classname="OpenKart.MainTest$LoginTest" name="Login" time="2.957"/>
</testsuite> <!-- OpenKart.MainTest$LoginTest -->
